app/build/outputs/logs/manifest-merger-debug-report.txt
-- Merging decision tree log ---
provider#android.support.v4.content.FileProvider
INJECTED from src/main/AndroidManifest.xml:50:9-60:20
	android:grantUriPermissions
		ADDED from src/main/AndroidManifest.xml:54:13-47
	android:authorities
		INJECTED from src/main/AndroidManifest.xml
		ADDED from src/main/AndroidManifest.xml:52:13-58
	android:exported
		ADDED from src/main/AndroidManifest.xml:53:13-37
	android:name
		ADDED from src/main/AndroidManifest.xml:51:13-67
manifest
ADDED from src/main/AndroidManifest.xml:2:1-118:12
INJECTED from src/main/AndroidManifest.xml:2:1-118:12
INJECTED from src/main/AndroidManifest.xml:2:1-118:12
INJECTED from src/main/AndroidManifest.xml:2:1-118:12
MERGED from [com.amitshekhar.android:debug-db:1.0.4] AndroidManifest.xml:20:1-40:12
MERGED from [com.jcodecraeer:xrecyclerview:1.5.9] AndroidManifest.xml:2:1-13:12
MERGED from [cn.yipianfengye.android:zxing-library:2.2] AndroidManifest.xml:2:1-20:12
MERGED from [com.github.LinweiJ:ViewPagerIndicator:0.1.0] AndroidManifest.xml:2:1-11:12
MERGED from [com.github.ganfra:material-spinner:2.0.0] AndroidManifest.xml:2:1-10:12
MERGED from [com.github.AppIntro:AppIntro:4.2.3] AndroidManifest.xml:2:1-13:12
MERGED from [com.lijiankun24:shadowlayout:1.0.0] AndroidManifest.xml:2:1-16:12
MERGED from [com.android.support:design:28.0.0] AndroidManifest.xml:17:1-24:12
MERGED from [com.android.support:appcompat-v7:28.0.0] AndroidManifest.xml:17:1-22:12
MERGED from [com.android.support:support-v4:28.0.0] AndroidManifest.xml:17:1-22:12
MERGED from [com.android.support.constraint:constraint-layout:1.1.3] AndroidManifest.xml:2:1-11:12
MERGED from [com.github.CymChad:BaseRecyclerViewAdapterHelper:2.9.38] AndroidManifest.xml:2:1-11:12
MERGED from [com.android.support:recyclerview-v7:28.0.0] AndroidManifest.xml:17:1-22:12
MERGED from [com.android.support:multidex:1.0.3] AndroidManifest.xml:17:1-22:12
MERGED from [com.jakewharton:butterknife:8.8.1] AndroidManifest.xml:2:1-7:12
MERGED from [org.litepal.android:java:3.0.0] AndroidManifest.xml:2:1-14:12
MERGED from [io.reactivex.rxjava2:rxandroid:2.0.2] AndroidManifest.xml:15:1-21:12
MERGED from [com.github.tbruyelle:rxpermissions:0.10.2] AndroidManifest.xml:2:1-11:12
MERGED from [com.github.jdsjlzx:LRecyclerView:1.5.0] AndroidManifest.xml:2:1-14:12
MERGED from [com.github.bumptech.glide:glide:4.8.0] AndroidManifest.xml:2:1-12:12
MERGED from [com.github.LinweiJ:BannerView:0.0.1] AndroidManifest.xml:2:1-11:12
MERGED from [io.reactivex:rxandroid:1.2.1] AndroidManifest.xml:15:1-21:12
MERGED from [com.android.volley:volley:1.1.1] AndroidManifest.xml:2:1-11:12
MERGED from [com.github.zj565061763:switchbutton:1.2.6] AndroidManifest.xml:2:1-11:12
MERGED from [com.tencent.bugly:crashreport:2.6.0] AndroidManifest.xml:2:1-9:12
MERGED from [com.tencent.bugly:nativecrashreport:3.3.0] AndroidManifest.xml:2:1-9:12
MERGED from [net.zetetic:android-database-sqlcipher:3.5.7] AndroidManifest.xml:2:1-4:12
MERGED from [android.arch.persistence.room:runtime:1.1.0] AndroidManifest.xml:17:1-22:12
MERGED from [com.github.bumptech.glide:gifdecoder:4.8.0] AndroidManifest.xml:2:1-11:12
MERGED from [android.arch.persistence:db-framework:1.1.0] AndroidManifest.xml:17:1-22:12
MERGED from [android.arch.persistence:db:1.1.0] AndroidManifest.xml:17:1-22:12
MERGED from [com.android.support:support-fragment:28.0.0] AndroidManifest.xml:17:1-22:12
MERGED from [com.android.support:animated-vector-drawable:28.0.0] AndroidManifest.xml:17:1-22:12
MERGED from [com.android.support:support-core-ui:28.0.0] AndroidManifest.xml:17:1-22:12
MERGED from [com.android.support:support-core-utils:28.0.0] AndroidManifest.xml:17:1-22:12
MERGED from [com.android.support:loader:28.0.0] AndroidManifest.xml:17:1-22:12
MERGED from [android.arch.lifecycle:livedata:1.1.1] AndroidManifest.xml:17:1-22:12
MERGED from [android.arch.lifecycle:livedata-core:1.1.1] AndroidManifest.xml:17:1-22:12
MERGED from [android.arch.core:runtime:1.1.1] AndroidManifest.xml:17:1-22:12
MERGED from [com.android.support:support-vector-drawable:28.0.0] AndroidManifest.xml:17:1-22:12
MERGED from [com.android.support:viewpager:28.0.0] AndroidManifest.xml:17:1-22:12
MERGED from [com.android.support:coordinatorlayout:28.0.0] AndroidManifest.xml:17:1-22:12
MERGED from [com.android.support:drawerlayout:28.0.0] AndroidManifest.xml:17:1-22:12
MERGED from [com.android.support:slidingpanelayout:28.0.0] AndroidManifest.xml:17:1-22:12
MERGED from [com.android.support:customview:28.0.0] AndroidManifest.xml:17:1-22:12
MERGED from [com.android.support:swiperefreshlayout:28.0.0] AndroidManifest.xml:17:1-22:12
MERGED from [com.android.support:asynclayoutinflater:28.0.0] AndroidManifest.xml:17:1-22:12
MERGED from [com.android.support:transition:28.0.0] AndroidManifest.xml:17:1-22:12
MERGED from [com.android.support:support-media-compat:28.0.0] AndroidManifest.xml:17:1-22:12
MERGED from [com.android.support:support-compat:28.0.0] AndroidManifest.xml:17:1-24:12
MERGED from [android.arch.lifecycle:runtime:1.1.1] AndroidManifest.xml:17:1-22:12
MERGED from [com.android.support:versionedparcelable:28.0.0] AndroidManifest.xml:17:1-25:12
MERGED from [com.android.support:cursoradapter:28.0.0] AndroidManifest.xml:17:1-22:12
MERGED from [com.android.support:interpolator:28.0.0] AndroidManifest.xml:17:1-22:12
MERGED from [com.android.support:cardview-v7:28.0.0] AndroidManifest.xml:17:1-22:12
MERGED from [android.arch.lifecycle:viewmodel:1.1.1] AndroidManifest.xml:17:1-22:12
MERGED from [com.android.support:documentfile:28.0.0] AndroidManifest.xml:17:1-22:12
MERGED from [com.android.support:localbroadcastmanager:28.0.0] AndroidManifest.xml:17:1-22:12
MERGED from [com.android.support:print:28.0.0] AndroidManifest.xml:17:1-22:12
MERGED from [org.litepal.android:core:3.0.0] AndroidManifest.xml:2:1-14:12
INJECTED from src/main/AndroidManifest.xml:2:1-118:12
INJECTED from src/main/AndroidManifest.xml:2:1-118:12
INJECTED from src/main/AndroidManifest.xml:2:1-118:12
	package
		ADDED from src/main/AndroidManifest.xml:3:5-25
		INJECTED from src/main/AndroidManifest.xml
		INJECTED from src/main/AndroidManifest.xml
	android:versionName
		INJECTED from src/main/AndroidManifest.xml
		ADDED from src/main/AndroidManifest.xml:2:1-118:12
		INJECTED from src/main/AndroidManifest.xml
	android:versionCode
		INJECTED from src/main/AndroidManifest.xml
		ADDED from src/main/AndroidManifest.xml:2:1-118:12
		INJECTED from src/main/AndroidManifest.xml
	xmlns:android
		ADDED from src/main/AndroidManifest.xml:2:11-69
uses-permission#android.permission.ACCESS_NETWORK_STATE
ADDED from src/main/AndroidManifest.xml:5:5-79
	android:name
		ADDED from src/main/AndroidManifest.xml:5:22-76
uses-permission#android.permission.INTERNET
ADDED from src/main/AndroidManifest.xml:6:5-67
MERGED from [com.amitshekhar.android:debug-db:1.0.4] AndroidManifest.xml:29:5-67
MERGED from [com.amitshekhar.android:debug-db:1.0.4] AndroidManifest.xml:29:5-67
	android:name
		ADDED from src/main/AndroidManifest.xml:6:22-64
uses-permission#android.permission.CAMERA
ADDED from src/main/AndroidManifest.xml:9:5-65
	android:name
		ADDED from src/main/AndroidManifest.xml:9:22-62
uses-permission#android.permission.FLASHLIGHT
ADDED from src/main/AndroidManifest.xml:10:5-69
	android:name
		ADDED from src/main/AndroidManifest.xml:10:22-66
uses-feature#android.hardware.camera
ADDED from src/main/AndroidManifest.xml:12:5-60
	android:name
		ADDED from src/main/AndroidManifest.xml:12:19-57
uses-feature#android.hardware.camera.autofocus
ADDED from src/main/AndroidManifest.xml:13:5-70
	android:name
		ADDED from src/main/AndroidManifest.xml:13:19-67
uses-permission#android.permission.VIBRATE
ADDED from src/main/AndroidManifest.xml:15:5-66
	android:name
		ADDED from src/main/AndroidManifest.xml:15:22-63
uses-permission#android.permission.WAKE_LOCK
ADDED from src/main/AndroidManifest.xml:16:5-68
	android:name
		ADDED from src/main/AndroidManifest.xml:16:22-65
uses-permission#android.permission.KILL_BACKGROUND_PROCESSES
ADDED from src/main/AndroidManifest.xml:17:5-84
	android:name
		ADDED from src/main/AndroidManifest.xml:17:22-81
uses-permission#android.permission.WRITE_EXTERNAL_STORAGE
ADDED from src/main/AndroidManifest.xml:20:5-81
	android:name
		ADDED from src/main/AndroidManifest.xml:20:22-78
uses-permission#android.permission.READ_EXTERNAL_STORAGE
ADDED from src/main/AndroidManifest.xml:22:5-80
	android:name
		ADDED from src/main/AndroidManifest.xml:22:22-77
uses-permission#android.permission.CALL_PHONE
ADDED from src/main/AndroidManifest.xml:24:5-69
	android:name
		ADDED from src/main/AndroidManifest.xml:24:22-66
uses-permission#android.permission.REQUEST_INSTALL_PACKAGES
ADDED from src/main/AndroidManifest.xml:27:5-83
	android:name
		ADDED from src/main/AndroidManifest.xml:27:22-80
uses-permission#READ_PHONE_STATE
ADDED from src/main/AndroidManifest.xml:29:5-56
	android:name
		ADDED from src/main/AndroidManifest.xml:29:22-53
application
ADDED from src/main/AndroidManifest.xml:30:5-116:19
MERGED from [com.amitshekhar.android:debug-db:1.0.4] AndroidManifest.xml:32:5-38:19
MERGED from [com.amitshekhar.android:debug-db:1.0.4] AndroidManifest.xml:32:5-38:19
MERGED from [com.jcodecraeer:xrecyclerview:1.5.9] AndroidManifest.xml:11:5-20
MERGED from [com.jcodecraeer:xrecyclerview:1.5.9] AndroidManifest.xml:11:5-20
MERGED from [cn.yipianfengye.android:zxing-library:2.2] AndroidManifest.xml:11:5-18:19
MERGED from [cn.yipianfengye.android:zxing-library:2.2] AndroidManifest.xml:11:5-18:19
MERGED from [com.github.AppIntro:AppIntro:4.2.3] AndroidManifest.xml:11:5-47
MERGED from [com.github.AppIntro:AppIntro:4.2.3] AndroidManifest.xml:11:5-47
MERGED from [com.lijiankun24:shadowlayout:1.0.0] AndroidManifest.xml:11:5-14:38
MERGED from [com.lijiankun24:shadowlayout:1.0.0] AndroidManifest.xml:11:5-14:38
MERGED from [com.android.support:design:28.0.0] AndroidManifest.xml:22:5-20
MERGED from [com.android.support:design:28.0.0] AndroidManifest.xml:22:5-20
MERGED from [com.android.support.constraint:constraint-layout:1.1.3] AndroidManifest.xml:9:5-20
MERGED from [com.android.support.constraint:constraint-layout:1.1.3] AndroidManifest.xml:9:5-20
MERGED from [org.litepal.android:java:3.0.0] AndroidManifest.xml:11:5-12:19
MERGED from [org.litepal.android:java:3.0.0] AndroidManifest.xml:11:5-12:19
MERGED from [com.github.tbruyelle:rxpermissions:0.10.2] AndroidManifest.xml:9:5-20
MERGED from [com.github.tbruyelle:rxpermissions:0.10.2] AndroidManifest.xml:9:5-20
MERGED from [com.github.jdsjlzx:LRecyclerView:1.5.0] AndroidManifest.xml:11:5-12:19
MERGED from [com.github.jdsjlzx:LRecyclerView:1.5.0] AndroidManifest.xml:11:5-12:19
MERGED from [com.github.bumptech.glide:glide:4.8.0] AndroidManifest.xml:10:5-20
MERGED from [com.github.bumptech.glide:glide:4.8.0] AndroidManifest.xml:10:5-20
MERGED from [com.android.volley:volley:1.1.1] AndroidManifest.xml:9:5-20
MERGED from [com.android.volley:volley:1.1.1] AndroidManifest.xml:9:5-20
MERGED from [com.github.bumptech.glide:gifdecoder:4.8.0] AndroidManifest.xml:9:5-20
MERGED from [com.github.bumptech.glide:gifdecoder:4.8.0] AndroidManifest.xml:9:5-20
MERGED from [com.android.support:support-compat:28.0.0] AndroidManifest.xml:22:5-94
MERGED from [com.android.support:support-compat:28.0.0] AndroidManifest.xml:22:5-94
MERGED from [com.android.support:versionedparcelable:28.0.0] AndroidManifest.xml:22:5-23:19
MERGED from [com.android.support:versionedparcelable:28.0.0] AndroidManifest.xml:22:5-23:19
MERGED from [org.litepal.android:core:3.0.0] AndroidManifest.xml:11:5-12:19
MERGED from [org.litepal.android:core:3.0.0] AndroidManifest.xml:11:5-12:19
	android:appComponentFactory
		ADDED from [com.android.support:support-compat:28.0.0] AndroidManifest.xml:22:18-91
	android:supportsRtl
		ADDED from src/main/AndroidManifest.xml:37:9-35
	android:label
		ADDED from src/main/AndroidManifest.xml:34:9-41
	android:roundIcon
		ADDED from src/main/AndroidManifest.xml:36:9-40
	android:icon
		ADDED from src/main/AndroidManifest.xml:33:9-35
	android:allowBackup
		ADDED from src/main/AndroidManifest.xml:32:9-35
	android:theme
		ADDED from src/main/AndroidManifest.xml:38:9-40
	android:networkSecurityConfig
		ADDED from src/main/AndroidManifest.xml:35:9-69
	android:name
		ADDED from src/main/AndroidManifest.xml:31:9-44
activity#com.qy.emt.aty.SplashAty
ADDED from src/main/AndroidManifest.xml:39:9-45:20
	android:name
		ADDED from src/main/AndroidManifest.xml:39:19-58
intent-filter#action:name:android.intent.action.MAIN+category:name:android.intent.category.LAUNCHER
ADDED from src/main/AndroidManifest.xml:40:13-44:29
action#android.intent.action.MAIN
ADDED from src/main/AndroidManifest.xml:41:17-69
	android:name
		ADDED from src/main/AndroidManifest.xml:41:25-66
category#android.intent.category.LAUNCHER
ADDED from src/main/AndroidManifest.xml:43:17-77
	android:name
		ADDED from src/main/AndroidManifest.xml:43:27-74
activity#com.qy.emt.aty.account.LoginAty
ADDED from src/main/AndroidManifest.xml:62:9-68
	android:name
		ADDED from src/main/AndroidManifest.xml:62:19-65
activity#com.qy.emt.aty.account.LoginAndRegisterAty
ADDED from src/main/AndroidManifest.xml:63:9-79
	android:name
		ADDED from src/main/AndroidManifest.xml:63:19-76
activity#com.qy.emt.aty.wallet.WalletMnemonicAty
ADDED from src/main/AndroidManifest.xml:64:9-76
	android:name
		ADDED from src/main/AndroidManifest.xml:64:19-73
activity#com.qy.emt.aty.wallet.VerificationMnemonicAty
ADDED from src/main/AndroidManifest.xml:65:9-82
	android:name
		ADDED from src/main/AndroidManifest.xml:65:19-79
activity#com.qy.emt.aty.wallet.WalletPasswordAty
ADDED from src/main/AndroidManifest.xml:66:9-76
	android:name
		ADDED from src/main/AndroidManifest.xml:66:19-73
activity#com.qy.emt.aty.wallet.WalletAlterPasswordAty
ADDED from src/main/AndroidManifest.xml:67:9-81
	android:name
		ADDED from src/main/AndroidManifest.xml:67:19-78
activity#com.qy.emt.aty.MainAty
ADDED from src/main/AndroidManifest.xml:68:9-59
	android:name
		ADDED from src/main/AndroidManifest.xml:68:19-56
activity#com.qy.emt.aty.wallet.WalletTransactionAty
ADDED from src/main/AndroidManifest.xml:69:9-79
	android:name
		ADDED from src/main/AndroidManifest.xml:69:19-76
activity#com.qy.emt.aty.wallet.WalletMarketAty
ADDED from src/main/AndroidManifest.xml:70:9-74
	android:name
		ADDED from src/main/AndroidManifest.xml:70:19-71
activity#com.qy.emt.aty.wallet.WalletTransferAty
ADDED from src/main/AndroidManifest.xml:71:9-76
	android:name
		ADDED from src/main/AndroidManifest.xml:71:19-73
activity#com.qy.emt.aty.wallet.WalletTransferSuccessAty
ADDED from src/main/AndroidManifest.xml:72:9-83
	android:name
		ADDED from src/main/AndroidManifest.xml:72:19-80
activity#com.qy.emt.aty.account.RegisterAty
ADDED from src/main/AndroidManifest.xml:73:9-71
	android:name
		ADDED from src/main/AndroidManifest.xml:73:19-68
activity#com.qy.emt.aty.wallet.ImputWalletAty
ADDED from src/main/AndroidManifest.xml:74:9-73
	android:name
		ADDED from src/main/AndroidManifest.xml:74:19-70
activity#com.qy.emt.aty.wallet.WalletTransfer2Aty
ADDED from src/main/AndroidManifest.xml:75:9-77
	android:name
		ADDED from src/main/AndroidManifest.xml:75:19-74
activity#com.qy.emt.aty.wallet.WalletCodeAty
ADDED from src/main/AndroidManifest.xml:76:9-72
	android:name
		ADDED from src/main/AndroidManifest.xml:76:19-69
activity#com.qy.emt.aty.wallet.ImputWalletPrivateAty
ADDED from src/main/AndroidManifest.xml:77:9-80
	android:name
		ADDED from src/main/AndroidManifest.xml:77:19-77
activity#com.qy.emt.aty.my.MyAboutAty
ADDED from src/main/AndroidManifest.xml:78:9-65
	android:name
		ADDED from src/main/AndroidManifest.xml:78:19-62
activity#com.qy.emt.aty.my.MyOpinionAty
ADDED from src/main/AndroidManifest.xml:79:9-67
	android:name
		ADDED from src/main/AndroidManifest.xml:79:19-64
activity#com.qy.emt.aty.WelcomeAty
ADDED from src/main/AndroidManifest.xml:80:9-62
	android:name
		ADDED from src/main/AndroidManifest.xml:80:19-59
activity#com.qy.emt.aty.wallet.MyCodeAty
ADDED from src/main/AndroidManifest.xml:81:9-68
	android:name
		ADDED from src/main/AndroidManifest.xml:81:19-65
activity#com.qy.emt.aty.my.ChangePasswordAty
ADDED from src/main/AndroidManifest.xml:82:9-72
	android:name
		ADDED from src/main/AndroidManifest.xml:82:19-69
activity#com.qy.emt.aty.my.InviteCodeAty
ADDED from src/main/AndroidManifest.xml:83:9-68
	android:name
		ADDED from src/main/AndroidManifest.xml:83:19-65
activity#com.qy.emt.aty.my.WhitePaperAty
ADDED from src/main/AndroidManifest.xml:84:9-68
	android:name
		ADDED from src/main/AndroidManifest.xml:84:19-65
activity#com.qy.emt.aty.my.AboutUsAty
ADDED from src/main/AndroidManifest.xml:85:9-65
	android:name
		ADDED from src/main/AndroidManifest.xml:85:19-62
activity#com.qy.emt.aty.my.CreBtcAty
ADDED from src/main/AndroidManifest.xml:86:9-64
	android:name
		ADDED from src/main/AndroidManifest.xml:86:19-61
activity#com.qy.emt.aty.my.UserRedemptionRecordsAty
ADDED from src/main/AndroidManifest.xml:87:9-79
	android:name
		ADDED from src/main/AndroidManifest.xml:87:19-76
activity#com.qy.emt.aty.my.UserEarnRecordsAty
ADDED from src/main/AndroidManifest.xml:88:9-73
	android:name
		ADDED from src/main/AndroidManifest.xml:88:19-70
activity#com.qy.emt.aty.my.MyFincialRecordsAty
ADDED from src/main/AndroidManifest.xml:89:9-74
	android:name
		ADDED from src/main/AndroidManifest.xml:89:19-71
activity#com.qy.emt.aty.wallet.WalletAdvertisingAty
ADDED from src/main/AndroidManifest.xml:90:9-79
	android:name
		ADDED from src/main/AndroidManifest.xml:90:19-76
activity#com.qy.emt.aty.my.ExportPrikeyAty
ADDED from src/main/AndroidManifest.xml:91:9-70
	android:name
		ADDED from src/main/AndroidManifest.xml:91:19-67
activity#com.qy.emt.aty.wallet.ImputWalletPriAty
ADDED from src/main/AndroidManifest.xml:92:9-76
	android:name
		ADDED from src/main/AndroidManifest.xml:92:19-73
activity#com.qy.emt.aty.my.UserTangguoAty
ADDED from src/main/AndroidManifest.xml:93:9-69
	android:name
		ADDED from src/main/AndroidManifest.xml:93:19-66
activity#com.qy.emt.aty.my.UserZhongchuAty
ADDED from src/main/AndroidManifest.xml:94:9-70
	android:name
		ADDED from src/main/AndroidManifest.xml:94:19-67
activity#com.qy.emt.aty.account.ForgetPasswordAty
ADDED from src/main/AndroidManifest.xml:95:9-67
	android:name
		ADDED from src/main/AndroidManifest.xml:95:19-64
activity#com.qy.emt.aty.IntroActivity
ADDED from src/main/AndroidManifest.xml:96:9-65
	android:name
		ADDED from src/main/AndroidManifest.xml:96:19-62
activity#com.qy.emt.aty.wallet.ImputWalletAndCreateWalletAty
ADDED from src/main/AndroidManifest.xml:97:9-88
	android:name
		ADDED from src/main/AndroidManifest.xml:97:19-85
activity#com.qy.emt.aty.wallet.CreateImportAty
ADDED from src/main/AndroidManifest.xml:98:9-74
	android:name
		ADDED from src/main/AndroidManifest.xml:98:19-71
activity#com.qy.emt.aty.wallet.ChangeLanguageAty
ADDED from src/main/AndroidManifest.xml:99:9-76
	android:name
		ADDED from src/main/AndroidManifest.xml:99:19-73
activity#com.qy.emt.aty.wallet.CreateWalletAty
ADDED from src/main/AndroidManifest.xml:100:9-74
	android:name
		ADDED from src/main/AndroidManifest.xml:100:19-71
activity#com.qy.emt.aty.wallet.PrivateKeyImportAty
ADDED from src/main/AndroidManifest.xml:101:9-78
	android:name
		ADDED from src/main/AndroidManifest.xml:101:19-75
activity#com.qy.emt.aty.wallet.NonnemicWordImportAty
ADDED from src/main/AndroidManifest.xml:102:9-80
	android:name
		ADDED from src/main/AndroidManifest.xml:102:19-77
activity#com.qy.emt.aty.wallet.NoticeCenterViewPagerAty
ADDED from src/main/AndroidManifest.xml:103:9-83
	android:name
		ADDED from src/main/AndroidManifest.xml:103:19-80
activity#com.qy.emt.aty.wallet.UserFallbackAty
ADDED from src/main/AndroidManifest.xml:104:9-74
	android:name
		ADDED from src/main/AndroidManifest.xml:104:19-71
activity#com.qy.emt.aty.wallet.ChangePassAty
ADDED from src/main/AndroidManifest.xml:105:9-72
	android:name
		ADDED from src/main/AndroidManifest.xml:105:19-69
activity#com.qy.emt.aty.wallet.UserProtiAty
ADDED from src/main/AndroidManifest.xml:106:9-71
	android:name
		ADDED from src/main/AndroidManifest.xml:106:19-68
activity#com.qy.emt.aty.wallet.AboutUsAty
ADDED from src/main/AndroidManifest.xml:107:9-69
	android:name
		ADDED from src/main/AndroidManifest.xml:107:19-66
activity#com.qy.emt.aty.wallet.CurrVersionAty
ADDED from src/main/AndroidManifest.xml:108:9-73
	android:name
		ADDED from src/main/AndroidManifest.xml:108:19-70
activity#com.qy.emt.aty.wallet.VerificationMnemonicWordAty
ADDED from src/main/AndroidManifest.xml:109:9-86
	android:name
		ADDED from src/main/AndroidManifest.xml:109:19-83
activity#com.qy.emt.fragment.main.CreateWalletInAty
ADDED from src/main/AndroidManifest.xml:110:9-79
	android:name
		ADDED from src/main/AndroidManifest.xml:110:19-76
activity#com.qy.emt.fragment.main.NonImportWalletInAty
ADDED from src/main/AndroidManifest.xml:111:9-82
	android:name
		ADDED from src/main/AndroidManifest.xml:111:19-79
activity#com.qy.emt.fragment.main.PrivateImportWalletInAty
ADDED from src/main/AndroidManifest.xml:112:9-86
	android:name
		ADDED from src/main/AndroidManifest.xml:112:19-83
activity#com.qy.emt.fragment.main.CreateImportWalletInAty
ADDED from src/main/AndroidManifest.xml:113:9-85
	android:name
		ADDED from src/main/AndroidManifest.xml:113:19-82
activity#com.qy.emt.fragment.find.WebViewAty
ADDED from src/main/AndroidManifest.xml:114:9-72
	android:name
		ADDED from src/main/AndroidManifest.xml:114:19-69
uses-sdk
INJECTED from src/main/AndroidManifest.xml reason: use-sdk injection requested
INJECTED from src/main/AndroidManifest.xml
INJECTED from src/main/AndroidManifest.xml
MERGED from [com.amitshekhar.android:debug-db:1.0.4] AndroidManifest.xml:25:5-27:41
MERGED from [com.amitshekhar.android:debug-db:1.0.4] AndroidManifest.xml:25:5-27:41
MERGED from [com.jcodecraeer:xrecyclerview:1.5.9] AndroidManifest.xml:7:5-9:41
MERGED from [com.jcodecraeer:xrecyclerview:1.5.9] AndroidManifest.xml:7:5-9:41
MERGED from [cn.yipianfengye.android:zxing-library:2.2] AndroidManifest.xml:7:5-9:41
MERGED from [cn.yipianfengye.android:zxing-library:2.2] AndroidManifest.xml:7:5-9:41
MERGED from [com.github.LinweiJ:ViewPagerIndicator:0.1.0] AndroidManifest.xml:7:5-9:41
MERGED from [com.github.LinweiJ:ViewPagerIndicator:0.1.0] AndroidManifest.xml:7:5-9:41
MERGED from [com.github.ganfra:material-spinner:2.0.0] AndroidManifest.xml:6:5-8:41
MERGED from [com.github.ganfra:material-spinner:2.0.0] AndroidManifest.xml:6:5-8:41
MERGED from [com.github.AppIntro:AppIntro:4.2.3] AndroidManifest.xml:7:5-9:41
MERGED from [com.github.AppIntro:AppIntro:4.2.3] AndroidManifest.xml:7:5-9:41
MERGED from [com.lijiankun24:shadowlayout:1.0.0] AndroidManifest.xml:7:5-9:41
MERGED from [com.lijiankun24:shadowlayout:1.0.0] AndroidManifest.xml:7:5-9:41
MERGED from [com.android.support:design:28.0.0] AndroidManifest.xml:20:5-44
MERGED from [com.android.support:design:28.0.0] AndroidManifest.xml:20:5-44
MERGED from [com.android.support:appcompat-v7:28.0.0] AndroidManifest.xml:20:5-44
MERGED from [com.android.support:appcompat-v7:28.0.0] AndroidManifest.xml:20:5-44
MERGED from [com.android.support:support-v4:28.0.0] AndroidManifest.xml:20:5-44
MERGED from [com.android.support:support-v4:28.0.0] AndroidManifest.xml:20:5-44
MERGED from [com.android.support.constraint:constraint-layout:1.1.3] AndroidManifest.xml:5:5-7:41
MERGED from [com.android.support.constraint:constraint-layout:1.1.3] AndroidManifest.xml:5:5-7:41
MERGED from [com.github.CymChad:BaseRecyclerViewAdapterHelper:2.9.38] AndroidManifest.xml:7:5-9:41
MERGED from [com.github.CymChad:BaseRecyclerViewAdapterHelper:2.9.38] AndroidManifest.xml:7:5-9:41
MERGED from [com.android.support:recyclerview-v7:28.0.0] AndroidManifest.xml:20:5-44
MERGED from [com.android.support:recyclerview-v7:28.0.0] AndroidManifest.xml:20:5-44
MERGED from [com.android.support:multidex:1.0.3] AndroidManifest.xml:20:5-43
MERGED from [com.android.support:multidex:1.0.3] AndroidManifest.xml:20:5-43
MERGED from [com.jakewharton:butterknife:8.8.1] AndroidManifest.xml:5:5-43
MERGED from [com.jakewharton:butterknife:8.8.1] AndroidManifest.xml:5:5-43
MERGED from [org.litepal.android:java:3.0.0] AndroidManifest.xml:7:5-9:41
MERGED from [org.litepal.android:java:3.0.0] AndroidManifest.xml:7:5-9:41
MERGED from [io.reactivex.rxjava2:rxandroid:2.0.2] AndroidManifest.xml:19:5-43
MERGED from [io.reactivex.rxjava2:rxandroid:2.0.2] AndroidManifest.xml:19:5-43
MERGED from [com.github.tbruyelle:rxpermissions:0.10.2] AndroidManifest.xml:5:5-7:41
MERGED from [com.github.tbruyelle:rxpermissions:0.10.2] AndroidManifest.xml:5:5-7:41
MERGED from [com.github.jdsjlzx:LRecyclerView:1.5.0] AndroidManifest.xml:7:5-9:41
MERGED from [com.github.jdsjlzx:LRecyclerView:1.5.0] AndroidManifest.xml:7:5-9:41
MERGED from [com.github.bumptech.glide:glide:4.8.0] AndroidManifest.xml:6:5-8:41
MERGED from [com.github.bumptech.glide:glide:4.8.0] AndroidManifest.xml:6:5-8:41
MERGED from [com.github.LinweiJ:BannerView:0.0.1] AndroidManifest.xml:7:5-9:41
MERGED from [com.github.LinweiJ:BannerView:0.0.1] AndroidManifest.xml:7:5-9:41
MERGED from [io.reactivex:rxandroid:1.2.1] AndroidManifest.xml:19:5-43
MERGED from [io.reactivex:rxandroid:1.2.1] AndroidManifest.xml:19:5-43
MERGED from [com.android.volley:volley:1.1.1] AndroidManifest.xml:7:5-43
MERGED from [com.android.volley:volley:1.1.1] AndroidManifest.xml:7:5-43
MERGED from [com.github.zj565061763:switchbutton:1.2.6] AndroidManifest.xml:7:5-9:41
MERGED from [com.github.zj565061763:switchbutton:1.2.6] AndroidManifest.xml:7:5-9:41
MERGED from [com.tencent.bugly:crashreport:2.6.0] AndroidManifest.xml:5:5-7:41
MERGED from [com.tencent.bugly:crashreport:2.6.0] AndroidManifest.xml:5:5-7:41
MERGED from [com.tencent.bugly:nativecrashreport:3.3.0] AndroidManifest.xml:5:5-7:41
MERGED from [com.tencent.bugly:nativecrashreport:3.3.0] AndroidManifest.xml:5:5-7:41
MERGED from [net.zetetic:android-database-sqlcipher:3.5.7] AndroidManifest.xml:3:3-40
MERGED from [net.zetetic:android-database-sqlcipher:3.5.7] AndroidManifest.xml:3:3-40
MERGED from [android.arch.persistence.room:runtime:1.1.0] AndroidManifest.xml:20:5-44
MERGED from [android.arch.persistence.room:runtime:1.1.0] AndroidManifest.xml:20:5-44
MERGED from [com.github.bumptech.glide:gifdecoder:4.8.0] AndroidManifest.xml:5:5-7:41
MERGED from [com.github.bumptech.glide:gifdecoder:4.8.0] AndroidManifest.xml:5:5-7:41
MERGED from [android.arch.persistence:db-framework:1.1.0] AndroidManifest.xml:20:5-44
MERGED from [android.arch.persistence:db-framework:1.1.0] AndroidManifest.xml:20:5-44
MERGED from [android.arch.persistence:db:1.1.0] AndroidManifest.xml:20:5-44
MERGED from [android.arch.persistence:db:1.1.0] AndroidManifest.xml:20:5-44
MERGED from [com.android.support:support-fragment:28.0.0] AndroidManifest.xml:20:5-44
MERGED from [com.android.support:support-fragment:28.0.0] AndroidManifest.xml:20:5-44
MERGED from [com.android.support:animated-vector-drawable:28.0.0] AndroidManifest.xml:20:5-44
MERGED from [com.android.support:animated-vector-drawable:28.0.0] AndroidManifest.xml:20:5-44
MERGED from [com.android.support:support-core-ui:28.0.0] AndroidManifest.xml:20:5-44
MERGED from [com.android.support:support-core-ui:28.0.0] AndroidManifest.xml:20:5-44
MERGED from [com.android.support:support-core-utils:28.0.0] AndroidManifest.xml:20:5-44
MERGED from [com.android.support:support-core-utils:28.0.0] AndroidManifest.xml:20:5-44
MERGED from [com.android.support:loader:28.0.0] AndroidManifest.xml:20:5-44
MERGED from [com.android.support:loader:28.0.0] AndroidManifest.xml:20:5-44
MERGED from [android.arch.lifecycle:livedata:1.1.1] AndroidManifest.xml:20:5-44
MERGED from [android.arch.lifecycle:livedata:1.1.1] AndroidManifest.xml:20:5-44
MERGED from [android.arch.lifecycle:livedata-core:1.1.1] AndroidManifest.xml:20:5-44
MERGED from [android.arch.lifecycle:livedata-core:1.1.1] AndroidManifest.xml:20:5-44
MERGED from [android.arch.core:runtime:1.1.1] AndroidManifest.xml:20:5-44
MERGED from [android.arch.core:runtime:1.1.1] AndroidManifest.xml:20:5-44
MERGED from [com.android.support:support-vector-drawable:28.0.0] AndroidManifest.xml:20:5-44
MERGED from [com.android.support:support-vector-drawable:28.0.0] AndroidManifest.xml:20:5-44
MERGED from [com.android.support:viewpager:28.0.0] AndroidManifest.xml:20:5-44
MERGED from [com.android.support:viewpager:28.0.0] AndroidManifest.xml:20:5-44
MERGED from [com.android.support:coordinatorlayout:28.0.0] AndroidManifest.xml:20:5-44
MERGED from [com.android.support:coordinatorlayout:28.0.0] AndroidManifest.xml:20:5-44
MERGED from [com.android.support:drawerlayout:28.0.0] AndroidManifest.xml:20:5-44
MERGED from [com.android.support:drawerlayout:28.0.0] AndroidManifest.xml:20:5-44
MERGED from [com.android.support:slidingpanelayout:28.0.0] AndroidManifest.xml:20:5-44
MERGED from [com.android.support:slidingpanelayout:28.0.0] AndroidManifest.xml:20:5-44
MERGED from [com.android.support:customview:28.0.0] AndroidManifest.xml:20:5-44
MERGED from [com.android.support:customview:28.0.0] AndroidManifest.xml:20:5-44
MERGED from [com.android.support:swiperefreshlayout:28.0.0] AndroidManifest.xml:20:5-44
MERGED from [com.android.support:swiperefreshlayout:28.0.0] AndroidManifest.xml:20:5-44
MERGED from [com.android.support:asynclayoutinflater:28.0.0] AndroidManifest.xml:20:5-44
MERGED from [com.android.support:asynclayoutinflater:28.0.0] AndroidManifest.xml:20:5-44
MERGED from [com.android.support:transition:28.0.0] AndroidManifest.xml:20:5-44
MERGED from [com.android.support:transition:28.0.0] AndroidManifest.xml:20:5-44
MERGED from [com.android.support:support-media-compat:28.0.0] AndroidManifest.xml:20:5-44
MERGED from [com.android.support:support-media-compat:28.0.0] AndroidManifest.xml:20:5-44
MERGED from [com.android.support:support-compat:28.0.0] AndroidManifest.xml:20:5-44
MERGED from [com.android.support:support-compat:28.0.0] AndroidManifest.xml:20:5-44
MERGED from [android.arch.lifecycle:runtime:1.1.1] AndroidManifest.xml:20:5-44